qqdemo/build/intermediates/manifest_merge_blame_file/debug/manifest-merger-blame-debug-report.txt
1<?xml version="1.0" encoding="utf-8"?>
2<manifest xmlns:android="http://schemas.android.com/apk/res/android"
3    package="com.ybbbi.qqdemo"
4    android:versionCode="1"
5    android:versionName="1.0" >
6
7    <uses-sdk
8        android:minSdkVersion="21"
8-->src/main/AndroidManifest.xml
9        android:targetSdkVersion="29" />
9-->src/main/AndroidManifest.xml
10
11    <uses-permission android:name="android.permission.VIBRATE" />
11-->src/main/AndroidManifest.xml:5:5-66
11-->src/main/AndroidManifest.xml:5:22-63
12    <uses-permission android:name="android.permission.RECORD_AUDIO" />
12-->src/main/AndroidManifest.xml:6:5-71
12-->src/main/AndroidManifest.xml:6:22-68
13    <uses-permission android:name="android.permission.CAMERA" />
13-->src/main/AndroidManifest.xml:7:5-65
13-->src/main/AndroidManifest.xml:7:22-62
14    <uses-permission android:name="android.permission.MOUNT_UNMOUNT_FILESYSTEMS" />
14-->src/main/AndroidManifest.xml:8:5-84
14-->src/main/AndroidManifest.xml:8:22-81
15    <uses-permission android:name="android.permission.ACCESS_FINE_LOCATION" />
15-->src/main/AndroidManifest.xml:9:5-79
15-->src/main/AndroidManifest.xml:9:22-76
16    <uses-permission android:name="android.permission.GET_TASKS" />
16-->src/main/AndroidManifest.xml:10:5-68
16-->src/main/AndroidManifest.xml:10:22-65
17    <uses-permission android:name="android.permission.CHANGE_WIFI_STATE" />
17-->src/main/AndroidManifest.xml:11:5-76
17-->src/main/AndroidManifest.xml:11:22-73
18    <uses-permission android:name="android.permission.MODIFY_AUDIO_SETTINGS" />
18-->src/main/AndroidManifest.xml:12:5-80
18-->src/main/AndroidManifest.xml:12:22-77
19    <uses-permission android:name="android.permission.RECEIVE_BOOT_COMPLETED" /> <!-- 允许联网 -->
19-->src/main/AndroidManifest.xml:13:5-81
19-->src/main/AndroidManifest.xml:13:22-78
20    <uses-permission android:name="android.permission.INTERNET" /> <!-- 获取GSM（2g）、WCDMA（联通3g）等网络状态的信息 -->
20-->src/main/AndroidManifest.xml:14:5-67
20-->src/main/AndroidManifest.xml:14:22-64
21    <uses-permission android:name="android.permission.ACCESS_NETWORK_STATE" /> <!-- 获取wifi网络状态的信息 -->
21-->src/main/AndroidManifest.xml:15:5-79
21-->src/main/AndroidManifest.xml:15:22-76
22    <uses-permission android:name="android.permission.ACCESS_WIFI_STATE" /> <!-- 保持CPU 运转，屏幕和键盘灯有可能是关闭的,用于文件上传和下载 -->
22-->src/main/AndroidManifest.xml:16:5-76
22-->src/main/AndroidManifest.xml:16:22-73
23    <uses-permission android:name="android.permission.WAKE_LOCK" /> <!-- 获取sd卡写的权限，用于文件上传和下载 -->
23-->src/main/AndroidManifest.xml:17:5-68
23-->src/main/AndroidManifest.xml:17:22-65
24    <uses-permission android:name="android.permission.WRITE_EXTERNAL_STORAGE" /> <!-- 允许读取手机状态 用于创建BmobInstallation -->
24-->src/main/AndroidManifest.xml:18:5-81
24-->src/main/AndroidManifest.xml:18:22-78
25    <uses-permission android:name="android.permission.READ_PHONE_STATE" />
25-->src/main/AndroidManifest.xml:19:5-75
25-->src/main/AndroidManifest.xml:19:22-72
26
27    <application
27-->src/main/AndroidManifest.xml:21:5-90:19
28        android:name="com.ybbbi.qqdemo.MyApp"
28-->src/main/AndroidManifest.xml:22:9-30
29        android:allowBackup="true"
29-->src/main/AndroidManifest.xml:23:9-35
30        android:appComponentFactory="androidx.core.app.CoreComponentFactory"
30-->[androidx.core:core:1.1.0] AndroidManifest.xml:24:18-86
31        android:debuggable="true"
32        android:icon="@mipmap/ic_launcher"
32-->src/main/AndroidManifest.xml:24:9-43
33        android:label="@string/app_name"
33-->src/main/AndroidManifest.xml:25:9-41
34        android:roundIcon="@mipmap/ic_launcher_round"
34-->src/main/AndroidManifest.xml:26:9-54
35        android:supportsRtl="true"
35-->src/main/AndroidManifest.xml:27:9-35
36        android:testOnly="true"
37        android:theme="@style/AppTheme"
37-->src/main/AndroidManifest.xml:28:9-40
38        android:usesCleartextTraffic="true" >
38-->src/main/AndroidManifest.xml:29:9-44
39        <activity
39-->src/main/AndroidManifest.xml:30:9-32:59
40            android:name="com.ybbbi.qqdemo.view.activity.ChatActivity"
40-->src/main/AndroidManifest.xml:30:19-61
41            android:theme="@style/NoActionBar"
41-->src/main/AndroidManifest.xml:32:13-47
42            android:windowSoftInputMode="adjustPan" />
42-->src/main/AndroidManifest.xml:31:13-52
43        <activity
43-->src/main/AndroidManifest.xml:33:9-36:50
44            android:name="com.ybbbi.qqdemo.view.activity.LoginActivity"
44-->src/main/AndroidManifest.xml:34:13-56
45            android:launchMode="singleTask"
45-->src/main/AndroidManifest.xml:35:13-44
46            android:theme="@style/NoActionBar" />
46-->src/main/AndroidManifest.xml:36:13-47
47        <activity
47-->src/main/AndroidManifest.xml:37:9-39:50
48            android:name="com.ybbbi.qqdemo.view.activity.RegisterActivity"
48-->src/main/AndroidManifest.xml:38:13-59
49            android:theme="@style/NoActionBar" />
49-->src/main/AndroidManifest.xml:39:13-47
50        <activity
50-->src/main/AndroidManifest.xml:40:9-42:47
51            android:name="com.ybbbi.qqdemo.view.activity.BaseActivity"
51-->src/main/AndroidManifest.xml:41:13-55
52            android:theme="@style/AppTheme" />
52-->src/main/AndroidManifest.xml:42:13-44
53        <activity
53-->src/main/AndroidManifest.xml:43:9-45:50
54            android:name="com.ybbbi.qqdemo.view.activity.AddFriends"
54-->src/main/AndroidManifest.xml:44:13-53
55            android:theme="@style/NoActionBar" />
55-->src/main/AndroidManifest.xml:45:13-47
56        <activity
56-->src/main/AndroidManifest.xml:46:9-54:20
57            android:name="com.ybbbi.qqdemo.view.activity.SplashActivity"
57-->src/main/AndroidManifest.xml:47:13-57
58            android:theme="@style/splashTheme" >
58-->src/main/AndroidManifest.xml:48:13-47
59            <intent-filter>
59-->src/main/AndroidManifest.xml:49:13-53:29
60                <action android:name="android.intent.action.MAIN" />
60-->src/main/AndroidManifest.xml:50:17-69
60-->src/main/AndroidManifest.xml:50:25-66
61
62                <category android:name="android.intent.category.LAUNCHER" />
62-->src/main/AndroidManifest.xml:52:17-77
62-->src/main/AndroidManifest.xml:52:27-74
63            </intent-filter>
64        </activity>
65
66        <meta-data
66-->src/main/AndroidManifest.xml:56:9-58:55
67            android:name="EASEMOB_APPKEY"
67-->src/main/AndroidManifest.xml:57:13-42
68            android:value="1119200107113688#qqdemo" /> <!-- 声明SDK所需的service SDK核心功能 -->
68-->src/main/AndroidManifest.xml:58:13-52
69        <service
69-->src/main/AndroidManifest.xml:59:9-61:39
70            android:name="com.hyphenate.chat.EMChatService"
70-->src/main/AndroidManifest.xml:60:13-60
71            android:exported="true" />
71-->src/main/AndroidManifest.xml:61:13-36
72        <service
72-->src/main/AndroidManifest.xml:62:9-65:72
73            android:name="com.hyphenate.chat.EMJobService"
73-->src/main/AndroidManifest.xml:63:13-59
74            android:exported="true"
74-->src/main/AndroidManifest.xml:64:13-36
75            android:permission="android.permission.BIND_JOB_SERVICE" /> <!-- 声明SDK所需的receiver -->
75-->src/main/AndroidManifest.xml:65:13-69
76        <receiver android:name="com.hyphenate.chat.EMMonitorReceiver" >
76-->src/main/AndroidManifest.xml:66:9-77:20
76-->src/main/AndroidManifest.xml:66:19-70
77            <intent-filter>
77-->src/main/AndroidManifest.xml:67:13-71:29
78                <action android:name="android.intent.action.PACKAGE_REMOVED" />
78-->src/main/AndroidManifest.xml:68:17-80
78-->src/main/AndroidManifest.xml:68:25-77
79
80                <data android:scheme="package" />
80-->src/main/AndroidManifest.xml:70:17-50
80-->src/main/AndroidManifest.xml:70:23-47
81            </intent-filter>
82            <!-- 可选filter -->
83            <intent-filter>
83-->src/main/AndroidManifest.xml:73:13-76:29
84                <action android:name="android.intent.action.BOOT_COMPLETED" />
84-->src/main/AndroidManifest.xml:74:17-79
84-->src/main/AndroidManifest.xml:74:25-76
85                <action android:name="android.intent.action.USER_PRESENT" />
85-->src/main/AndroidManifest.xml:75:17-77
85-->src/main/AndroidManifest.xml:75:25-74
86            </intent-filter>
87        </receiver>
88
89        <activity
89-->src/main/AndroidManifest.xml:79:9-81:50
90            android:name="com.ybbbi.qqdemo.view.activity.MainActivity"
90-->src/main/AndroidManifest.xml:80:13-55
91            android:theme="@style/NoActionBar" />
91-->src/main/AndroidManifest.xml:81:13-47
92
93        <uses-library
93-->src/main/AndroidManifest.xml:83:9-85:40
94            android:name="org.apache.http.legacy"
94-->src/main/AndroidManifest.xml:84:13-50
95            android:required="false" />
95-->src/main/AndroidManifest.xml:85:13-37
96
97        <provider
97-->src/main/AndroidManifest.xml:87:9-89:83
98            android:name="cn.bmob.v3.util.BmobContentProvider"
98-->src/main/AndroidManifest.xml:88:13-63
99            android:authorities="com.ybbbi.qqdemo.BmobContentProvider" />
99-->src/main/AndroidManifest.xml:89:13-71
100        <provider
100-->[androidx.lifecycle:lifecycle-process:2.0.0] AndroidManifest.xml:23:9-27:43
101            android:name="androidx.lifecycle.ProcessLifecycleOwnerInitializer"
101-->[androidx.lifecycle:lifecycle-process:2.0.0] AndroidManifest.xml:24:13-79
102            android:authorities="com.ybbbi.qqdemo.lifecycle-process"
102-->[androidx.lifecycle:lifecycle-process:2.0.0] AndroidManifest.xml:25:13-69
103            android:exported="false"
103-->[androidx.lifecycle:lifecycle-process:2.0.0] AndroidManifest.xml:26:13-37
104            android:multiprocess="true" />
104-->[androidx.lifecycle:lifecycle-process:2.0.0] AndroidManifest.xml:27:13-40
105    </application>
106
107</manifest>